<?xml version="1.0" encoding="UTF-8"?>
<!-- Generated by org.testng.reporters.JUnitReportReporter -->
<testsuite skipped="0" hostname="deelin" name="testng.selenium.ParamterizationWithTestNGXML" tests="1" failures="0" timestamp="20 Jul 2017 15:03:03 GMT" time="9.924" errors="0">
  <testcase name="testParameterWithXML" time="9.924" classname="testng.selenium.ParamterizationWithTestNGXML"/>
</testsuite> <!-- testng.selenium.ParamterizationWithTestNGXML -->
