<?xml version="1.0" encoding="UTF-8"?>
<!-- Generated by org.testng.reporters.JUnitReportReporter -->
<testsuite skipped="0" hostname="deelin" name="dataprovider.ParameterByITestNGMethodInDataprovider" tests="6" failures="0" timestamp="21 Jul 2017 14:20:46 GMT" time="20.446" errors="0">
  <testcase name="testMethodB" time="3.368" classname="dataprovider.ParameterByITestNGMethodInDataprovider"/>
  <testcase name="testMethodB" time="3.382" classname="dataprovider.ParameterByITestNGMethodInDataprovider"/>
  <testcase name="testMethodA" time="3.423" classname="dataprovider.ParameterByITestNGMethodInDataprovider"/>
  <testcase name="testMethodB" time="3.407" classname="dataprovider.ParameterByITestNGMethodInDataprovider"/>
  <testcase name="testMethodA" time="3.472" classname="dataprovider.ParameterByITestNGMethodInDataprovider"/>
  <testcase name="testMethodA" time="3.394" classname="dataprovider.ParameterByITestNGMethodInDataprovider"/>
</testsuite> <!-- dataprovider.ParameterByITestNGMethodInDataprovider -->
