<?xml version="1.0" encoding="UTF-8"?>
<!-- Generated by org.testng.reporters.JUnitReportReporter -->
<testsuite skipped="0" hostname="deelin" name="dataprovider.ParameterByDataproviderIndipendentClass" tests="3" failures="0" timestamp="20 Jul 2017 16:58:28 GMT" time="10.238" errors="0">
  <testcase name="testMethod" time="3.389" classname="dataprovider.ParameterByDataproviderIndipendentClass"/>
  <testcase name="testMethod" time="3.470" classname="dataprovider.ParameterByDataproviderIndipendentClass"/>
  <testcase name="testMethod" time="3.379" classname="dataprovider.ParameterByDataproviderIndipendentClass"/>
</testsuite> <!-- dataprovider.ParameterByDataproviderIndipendentClass -->
