<?xml version="1.0" encoding="UTF-8"?>
<!-- Generated by org.testng.reporters.JUnitReportReporter -->
<testsuite skipped="0" hostname="deelin" name="testng.selenium.WithoutParameterization" tests="1" failures="0" timestamp="20 Jul 2017 14:14:21 GMT" time="9.366" errors="0">
  <testcase name="testNoParameter" time="9.366" classname="testng.selenium.WithoutParameterization"/>
</testsuite> <!-- testng.selenium.WithoutParameterization -->
