<?xml version="1.0" encoding="UTF-8"?>
<!-- Generated by org.testng.reporters.JUnitReportReporter -->
<testsuite skipped="0" hostname="deelin" name="keyworddrivenframework.testCases.ExecuteTest" tests="1" failures="0" timestamp="25 Jul 2017 17:58:41 GMT" time="8.808" errors="0">
  <testcase name="testLogin" time="8.808" classname="keyworddrivenframework.testCases.ExecuteTest"/>
</testsuite> <!-- keyworddrivenframework.testCases.ExecuteTest -->
